#
# A fatal error has been detected by the Java Runtime Environment:
#
#  SIGSEGV (0xb) at pc=0x0000000000000001, pid=24393, tid=140196334155520
#
# JRE version: Java(TM) SE Runtime Environment (7.0_80-b15) (build 1.7.0_80-b15)
# Java VM: Java HotSpot(TM) 64-Bit Server VM (24.80-b11 mixed mode linux-amd64 compressed oops)
# Problematic frame:
# C  0x0000000000000001
#
# Failed to write core dump. Core dumps have been disabled. To enable core dumping, try "ulimit -c unlimited" before starting Java again
#
# If you would like to submit a bug report, please visit:
#   http://bugreport.java.com/bugreport/crash.jsp
#

---------------  T H R E A D  ---------------

Current thread (0x00007f81fc075800):  ConcurrentGCThread [stack: 0x00007f8200a23000,0x00007f8200b24000] [id=24428]

siginfo:si_signo=SIGSEGV: si_errno=0, si_code=1 (SEGV_MAPERR), si_addr=0x0000000000000001

Registers:
RAX=0x00000000fae00270, RBX=0x00007f8200b22a30, RCX=0x0000000000000000, RDX=0x00007f8200b228d0
RSP=0x00007f8200b228c8, RBP=0x00007f8200b22950, RSI=0x00000000c89d5208, RDI=0x00000000fae0ae50
R8 =0x00007f81fc074838, R9 =0x00000000d178f3a8, R10=0x00007f81fc0749b8, R11=0x00007f82048a75e0
R12=0x00007f8200b228d0, R13=0x00007f8204d77bf8, R14=0x00007f81fc0748c0, R15=0x00007f8200b22a30
RIP=0x0000000000000001, EFLAGS=0x0000000000010202, CSGSFS=0x0000000000000033, ERR=0x0000000000000014
  TRAPNO=0x000000000000000e

Top of Stack: (sp=0x00007f8200b228c8)
0x00007f8200b228c8:   00007f82043afafc 00007f8204d26830
0x00007f8200b228d8:   00007f8204d81000 00007f81fc0ea0a0
0x00007f8200b228e8:   00007f81fc074580 00007f81fc074ac8
0x00007f8200b228f8:   00007f8204d81000 00000000c6c60000
0x00007f8200b22908:   0000000007274000 00007f81fc074838
0x00007f8200b22918:   00007f81fc0749b8 00000000d178f3a8
0x00007f8200b22928:   00007f8200b22a30 00007f8200b22a00
0x00007f8200b22938:   00007f8200b22a30 00000000d1727040
0x00007f8200b22948:   00000000002ab1c0 00007f8200b22990
0x00007f8200b22958:   00007f82043afdc8 00007f8200b229e0
0x00007f8200b22968:   00000000f54f0240 00007f8200b22990
0x00007f8200b22978:   0000000001558e08 0000000007274000
0x00007f8200b22988:   00000000002ab1c0 00007f8200b229e0
0x00007f8200b22998:   00007f82042453ad 00007f8200b229c0
0x00007f8200b229a8:   0000000000055638 00000000001c9d00
0x00007f8200b229b8:   00007f81fc074838 00007f81fc074580
0x00007f8200b229c8:   00007f81fc075f00 00007f81fc0748c0
0x00007f8200b229d8:   00007f81fc0ea0a0 00007f8200b22b00
0x00007f8200b229e8:   00007f82043a971a 0000000000000000
0x00007f8200b229f8:   00007f8200b22a30 00007f8200b22a90
0x00007f8200b22a08:   00017f820449094b 00007f81fc075f30
0x00007f8200b22a18:   00007f81fc075f40 00007f81fc076318
0x00007f8200b22a28:   00000000000003d8 00007f8204d26930
0x00007f8200b22a38:   00007f81fc074580 00000000c6c60000
0x00007f8200b22a48:   0000000007274000 00007f81fc074838
0x00007f8200b22a58:   00007f81fc0748f8 00007f81fc0749b8
0x00007f8200b22a68:   00007f81fc074ac8 0000000000b22a01
0x00007f8200b22a78:   00000000d178f3a8 00000000d178f400
0x00007f8200b22a88:   0000000000000000 00007f81fc075800
0x00007f8200b22a98:   00007f81fc076320 00007f81fc076360
0x00007f8200b22aa8:   00007f81fc076370 00007f81fc076748
0x00007f8200b22ab8:   00000000000003d8 00007f81fc076750 

Instructions: (pc=0x0000000000000001)
0xffffffffffffffe1:   

Register to memory mapping:

RAX=0x00000000fae00270 is an oop
{other class} 
 - klass: {other class}
RBX=0x00007f8200b22a30 is an unknown value
RCX=0x0000000000000000 is an unknown value
RDX=0x00007f8200b228d0 is an unknown value
RSP=0x00007f8200b228c8 is an unknown value
RBP=0x00007f8200b22950 is an unknown value
RSI=0x00000000c89d5208 is an oop

[error occurred during error reporting (printing register info), id 0xb]

Stack: [0x00007f8200a23000,0x00007f8200b24000],  sp=0x00007f8200b228c8,  free space=1022k
Native frames: (J=compiled Java code, j=interpreted, Vv=VM code, C=native code)
C  0x0000000000000001
V  [libjvm.so+0x479dc8]  MarkFromRootsClosure::do_bit(unsigned long)+0x168
V  [libjvm.so+0x30f3ad]  BitMap::iterate(BitMapClosure*, unsigned long, unsigned long)+0xbd
V  [libjvm.so+0x47371a]  CMSCollector::do_marking_st(bool)+0x16a
V  [libjvm.so+0x47ba7b]  CMSCollector::markFromRoots(bool)+0xeb
V  [libjvm.so+0x48102d]  CMSCollector::collect_in_background(bool, GCCause::Cause)+0x84d
V  [libjvm.so+0x484ad1]  ConcurrentMarkSweepThread::run()+0x2e1
V  [libjvm.so+0x8238c8]  java_start(Thread*)+0x108


---------------  P R O C E S S  ---------------

Java Threads: ( => current thread )
  0x00007f81f448c000 JavaThread "MASTER_SERVER_OPERATIONS-localhost.localdomain,32954,1490351714059-2" [_thread_blocked, id=24655, stack(0x00007f81e72b4000,0x00007f81e73b5000)]
  0x00007f81f473b000 JavaThread "MASTER_OPEN_REGION-localhost.localdomain,32954,1490351714059-4" [_thread_blocked, id=24654, stack(0x00007f81e6aac000,0x00007f81e6bad000)]
  0x00007f81f473a800 JavaThread "MASTER_OPEN_REGION-localhost.localdomain,32954,1490351714059-3" [_thread_blocked, id=24651, stack(0x00007f81e6fb1000,0x00007f81e70b2000)]
  0x00007f81f420f800 JavaThread "MASTER_OPEN_REGION-localhost.localdomain,32954,1490351714059-2" [_thread_blocked, id=24650, stack(0x00007f81e71b3000,0x00007f81e72b4000)]
  0x000000000192e000 JavaThread "localhost.localdomain,32954,1490351714059-CatalogJanitor" daemon [_thread_blocked, id=24630, stack(0x00007f81e6bad000,0x00007f81e6cae000)]
  0x0000000001913000 JavaThread "localhost.localdomain,32954,1490351714059-BalancerChore" daemon [_thread_blocked, id=24629, stack(0x00007f81e6cae000,0x00007f81e6daf000)]
  0x00007f81ec20b000 JavaThread "MASTER_SERVER_OPERATIONS-localhost.localdomain,32954,1490351714059-1" [_thread_blocked, id=24627, stack(0x00007f81e6eb0000,0x00007f81e6fb1000)]
  0x00007f81fca50800 JavaThread "RS_OPEN_REGION-localhost.localdomain,51333,1490351714642-2" [_thread_blocked, id=24624, stack(0x00007f81e74b6000,0x00007f81e75b7000)]
  0x00007f81ec084000 JavaThread "RS_OPEN_REGION-localhost.localdomain,51333,1490351714642-1" [_thread_blocked, id=24616, stack(0x00007f81e73b5000,0x00007f81e74b6000)]
  0x00007f81ec1e6000 JavaThread "RS_OPEN_REGION-localhost.localdomain,51333,1490351714642-0" [_thread_blocked, id=24613, stack(0x00007f81e76b8000,0x00007f81e77b9000)]
  0x0000000001a97800 JavaThread "MASTER_SERVER_OPERATIONS-localhost.localdomain,32954,1490351714059-0" [_thread_blocked, id=24612, stack(0x00007f81e79bb000,0x00007f81e7abc000)]
  0x00007f81f4557000 JavaThread "MASTER_OPEN_REGION-localhost.localdomain,32954,1490351714059-1" [_thread_blocked, id=24609, stack(0x00007f81e77b9000,0x00007f81e78ba000)]
  0x00007f81ec184000 JavaThread "RegionServer:0;localhost.localdomain,51333,1490351714642-smallCompactions-1490351727775" daemon [_thread_blocked, id=24607, stack(0x00007f81e78ba000,0x00007f81e79bb000)]
  0x00007f81f42a2000 JavaThread "RS_OPEN_META-localhost.localdomain,51333,1490351714642-0" [_thread_blocked, id=24603, stack(0x00007f81e7abc000,0x00007f81e7bbd000)]
  0x00007f81f4424800 JavaThread "MASTER_OPEN_REGION-localhost.localdomain,32954,1490351714059-0" [_thread_blocked, id=24591, stack(0x00007f81e7bbd000,0x00007f81e7cbe000)]
  0x00007f81ec182800 JavaThread "RS_OPEN_ROOT-localhost.localdomain,51333,1490351714642-0" [_thread_blocked, id=24587, stack(0x00007f81e7cbe000,0x00007f81e7dbf000)]
  0x0000000001a62800 JavaThread "Master:0;localhost.localdomain,32954,1490351714059-EventThread" daemon [_thread_blocked, id=24585, stack(0x00007f81e7ec0000,0x00007f81e7fc1000)]
  0x0000000001a62000 JavaThread "Master:0;localhost.localdomain,32954,1490351714059-SendThread(localhost.localdomain:2181)" daemon [_thread_blocked, id=24584, stack(0x00007f81e7fc1000,0x00007f81e80c2000)]
  0x0000000001a5f800 JavaThread "localhost.localdomain,32954,1490351714059.timeoutMonitor" daemon [_thread_blocked, id=24535, stack(0x00007f81e80c2000,0x00007f81e81c3000)]
  0x00007f81ec169000 JavaThread "SplitLogWorker-localhost.localdomain,51333,1490351714642" [_thread_blocked, id=24534, stack(0x00007f81e81c3000,0x00007f81e82c4000)]
  0x00007f81ec167000 JavaThread "REPL IPC Server handler 2 on 51333" daemon [_thread_blocked, id=24533, stack(0x00007f81e82c4000,0x00007f81e83c5000)]
  0x00007f81ec164800 JavaThread "REPL IPC Server handler 1 on 51333" daemon [_thread_blocked, id=24532, stack(0x00007f81e83c5000,0x00007f81e84c6000)]
  0x00007f81ec162800 JavaThread "REPL IPC Server handler 0 on 51333" daemon [_thread_blocked, id=24531, stack(0x00007f81e84c6000,0x00007f81e85c7000)]
  0x00007f81ec160800 JavaThread "PRI IPC Server handler 9 on 51333" daemon [_thread_blocked, id=24530, stack(0x00007f81e85c7000,0x00007f81e86c8000)]
  0x00007f81ec15e800 JavaThread "PRI IPC Server handler 8 on 51333" daemon [_thread_blocked, id=24529, stack(0x00007f81e86c8000,0x00007f81e87c9000)]
  0x00007f81ec15c800 JavaThread "PRI IPC Server handler 7 on 51333" daemon [_thread_blocked, id=24528, stack(0x00007f81e87c9000,0x00007f81e88ca000)]
  0x00007f81ec15a000 JavaThread "PRI IPC Server handler 6 on 51333" daemon [_thread_blocked, id=24527, stack(0x00007f81e88ca000,0x00007f81e89cb000)]
  0x00007f81ec158000 JavaThread "PRI IPC Server handler 5 on 51333" daemon [_thread_blocked, id=24526, stack(0x00007f81e89cb000,0x00007f81e8acc000)]
  0x00007f81ec156000 JavaThread "PRI IPC Server handler 4 on 51333" daemon [_thread_blocked, id=24525, stack(0x00007f81e8acc000,0x00007f81e8bcd000)]
  0x00007f81ec154000 JavaThread "PRI IPC Server handler 3 on 51333" daemon [_thread_blocked, id=24524, stack(0x00007f81e8bcd000,0x00007f81e8cce000)]
  0x00007f81ec152000 JavaThread "PRI IPC Server handler 2 on 51333" daemon [_thread_blocked, id=24523, stack(0x00007f81e8cce000,0x00007f81e8dcf000)]
  0x00007f81ec150800 JavaThread "PRI IPC Server handler 1 on 51333" daemon [_thread_blocked, id=24522, stack(0x00007f81e8dcf000,0x00007f81e8ed0000)]
  0x00007f81ec14e800 JavaThread "PRI IPC Server handler 0 on 51333" daemon [_thread_blocked, id=24521, stack(0x00007f81e8ed0000,0x00007f81e8fd1000)]
  0x00007f81ec14c800 JavaThread "IPC Server handler 9 on 51333" daemon [_thread_blocked, id=24520, stack(0x00007f81e8fd1000,0x00007f81e90d2000)]
  0x00007f81ec14b000 JavaThread "IPC Server handler 8 on 51333" daemon [_thread_blocked, id=24519, stack(0x00007f81e90d2000,0x00007f81e91d3000)]
  0x00007f81ec149000 JavaThread "IPC Server handler 7 on 51333" daemon [_thread_blocked, id=24518, stack(0x00007f81e91d3000,0x00007f81e92d4000)]
  0x00007f81ec147000 JavaThread "IPC Server handler 6 on 51333" daemon [_thread_blocked, id=24517, stack(0x00007f81e92d4000,0x00007f81e93d5000)]
  0x00007f81ec144800 JavaThread "IPC Server handler 5 on 51333" daemon [_thread_blocked, id=24516, stack(0x00007f81e93d5000,0x00007f81e94d6000)]
  0x00007f81ec142800 JavaThread "IPC Server handler 4 on 51333" daemon [_thread_blocked, id=24515, stack(0x00007f81e94d6000,0x00007f81e95d7000)]
  0x00007f81ec140800 JavaThread "IPC Server handler 3 on 51333" daemon [_thread_blocked, id=24514, stack(0x00007f81e95d7000,0x00007f81e96d8000)]
  0x00007f81ec13f000 JavaThread "IPC Server handler 2 on 51333" daemon [_thread_blocked, id=24513, stack(0x00007f81e96d8000,0x00007f81e97d9000)]
  0x00007f81ec134800 JavaThread "IPC Server handler 1 on 51333" daemon [_thread_blocked, id=24512, stack(0x00007f81e97d9000,0x00007f81e98da000)]
  0x00007f81ec132800 JavaThread "IPC Server handler 0 on 51333" daemon [_thread_blocked, id=24511, stack(0x00007f81e98da000,0x00007f81e99db000)]
  0x00007f81ec130800 JavaThread "IPC Server listener on 51333" daemon [_thread_in_native, id=24510, stack(0x00007f81e99db000,0x00007f81e9adc000)]
  0x00007f81ec121800 JavaThread "IPC Server Responder" daemon [_thread_in_native, id=24509, stack(0x00007f81e9adc000,0x00007f81e9bdd000)]
  0x00007f81ec120000 JavaThread "Timer-1" daemon [_thread_blocked, id=24508, stack(0x00007f81e9bdd000,0x00007f81e9cde000)]
  0x00007f81ec077000 JavaThread "345558861@qtp-631611157-1 - Acceptor0 SelectChannelConnector@0.0.0.0:60030" [_thread_blocked, id=24507, stack(0x00007f81e9cde000,0x00007f81e9ddf000)]
  0x00007f81ec075800 JavaThread "1049762666@qtp-631611157-0" [_thread_blocked, id=24506, stack(0x00007f81e9ddf000,0x00007f81e9ee0000)]
  0x00007f81ec072800 JavaThread "RegionServer:0;localhost.localdomain,51333,1490351714642.leaseChecker" daemon [_thread_blocked, id=24505, stack(0x00007f81e9ee0000,0x00007f81e9fe1000)]
  0x00007f81ec071000 JavaThread "RegionServer:0;localhost.localdomain,51333,1490351714642.periodicFlusher" daemon [_thread_blocked, id=24504, stack(0x00007f81e9fe1000,0x00007f81ea0e2000)]
  0x00007f81ec06f800 JavaThread "RegionServer:0;localhost.localdomain,51333,1490351714642.compactionChecker" daemon [_thread_blocked, id=24503, stack(0x00007f81ea0e2000,0x00007f81ea1e3000)]
  0x00007f81ec06e000 JavaThread "RegionServer:0;localhost.localdomain,51333,1490351714642.cacheFlusher" daemon [_thread_blocked, id=24502, stack(0x00007f81ea1e3000,0x00007f81ea2e4000)]
  0x00007f81ec06c800 JavaThread "RegionServer:0;localhost.localdomain,51333,1490351714642.logRoller" daemon [_thread_blocked, id=24501, stack(0x00007f81ea2e4000,0x00007f81ea3e5000)]
  0x00007f81ec066800 JavaThread "RegionServer:0;localhost.localdomain,51333,1490351714642.logSyncer" daemon [_thread_blocked, id=24500, stack(0x00007f81ea3e5000,0x00007f81ea4e6000)]
  0x00007f81ec044000 JavaThread "IPC Client (47) connection to localhost.localdomain/127.0.0.1:32954 from root" daemon [_thread_blocked, id=24499, stack(0x00007f81ea4e6000,0x00007f81ea5e7000)]
  0x0000000001a5c000 JavaThread "Master:0;localhost.localdomain,32954,1490351714059.archivedHFileCleaner" daemon [_thread_blocked, id=24498, stack(0x00007f81ea5e7000,0x00007f81ea6e8000)]
  0x0000000001a48000 JavaThread "snapshot-hfile-cleaner-cache-refresher" daemon [_thread_blocked, id=24497, stack(0x00007f81ea6e8000,0x00007f81ea7e9000)]
  0x0000000001a47000 JavaThread "Master:0;localhost.localdomain,32954,1490351714059.oldLogCleaner" daemon [_thread_blocked, id=24496, stack(0x00007f81ea7e9000,0x00007f81ea8ea000)]
  0x0000000001a70800 JavaThread "snapshot-log-cleaner-cache-refresher" daemon [_thread_blocked, id=24495, stack(0x00007f81ea8ea000,0x00007f81ea9eb000)]
  0x0000000001a23800 JavaThread "localhost.localdomain,32954,1490351714059.timerUpdater" daemon [_thread_blocked, id=24494, stack(0x00007f81ea9eb000,0x00007f81eaaec000)]
  0x00007f81ec00f800 JavaThread "RegionServer:0;localhost.localdomain,51333,1490351714642-EventThread" daemon [_thread_blocked, id=24493, stack(0x00007f81eaaec000,0x00007f81eabed000)]
  0x00007f81ec00e000 JavaThread "RegionServer:0;localhost.localdomain,51333,1490351714642-SendThread(nutch:2181)" daemon [_thread_in_native, id=24492, stack(0x00007f81eabed000,0x00007f81eacee000)]
  0x00007f81fcd0f000 JavaThread "RegionServer:0;localhost.localdomain,51333,1490351714642" [_thread_blocked, id=24491, stack(0x00007f81eacee000,0x00007f81eadef000)]
  0x0000000001a04000 JavaThread "localhost.localdomain,32954,1490351714059.splitLogManagerTimeoutMonitor" daemon [_thread_blocked, id=24490, stack(0x00007f81eadef000,0x00007f81eaef0000)]
  0x0000000001931800 JavaThread "Timer-0" daemon [_thread_blocked, id=24489, stack(0x00007f81eb0f1000,0x00007f81eb1f2000)]
  0x00000000018e3800 JavaThread "1554372140@qtp-762230097-1 - Acceptor0 SelectChannelConnector@0.0.0.0:60010" [_thread_blocked, id=24488, stack(0x00007f81eb1f2000,0x00007f81eb2f3000)]
  0x00000000018e6800 JavaThread "1476205792@qtp-762230097-0" [_thread_blocked, id=24487, stack(0x00007f81eb2f3000,0x00007f81eb3f4000)]
  0x00007f81fcc47800 JavaThread "Master:0;localhost.localdomain,32954,1490351714059" [_thread_blocked, id=24486, stack(0x00007f81eb3f4000,0x00007f81eb4f5000)]
  0x00007f81fcc46000 JavaThread "LRU Statistics #0" daemon [_thread_blocked, id=24485, stack(0x00007f81eb4f5000,0x00007f81eb5f6000)]
  0x00007f81fcc3b800 JavaThread "main.LruBlockCache.EvictionThread" daemon [_thread_blocked, id=24484, stack(0x00007f81eb5f6000,0x00007f81eb6f7000)]
  0x00007f81fcc22800 JavaThread "IPC Reader 9 on port 51333" daemon [_thread_in_native, id=24483, stack(0x00007f81eb6f7000,0x00007f81eb7f8000)]
  0x00007f81fcc13800 JavaThread "IPC Reader 8 on port 51333" daemon [_thread_in_native, id=24482, stack(0x00007f81eb7f8000,0x00007f81eb8f9000)]
  0x00007f81fcc04000 JavaThread "IPC Reader 7 on port 51333" daemon [_thread_in_native, id=24481, stack(0x00007f81eb8f9000,0x00007f81eb9fa000)]
  0x00007f81fcbf5000 JavaThread "IPC Reader 6 on port 51333" daemon [_thread_in_native, id=24480, stack(0x00007f81eb9fa000,0x00007f81ebafb000)]
  0x00007f81fcbe6000 JavaThread "IPC Reader 5 on port 51333" daemon [_thread_in_native, id=24479, stack(0x00007f81ebafb000,0x00007f81ebbfc000)]
  0x00007f81fcbd7800 JavaThread "IPC Reader 4 on port 51333" daemon [_thread_in_native, id=24478, stack(0x00007f81ebbfc000,0x00007f81ebcfd000)]
  0x00007f81fcbc9000 JavaThread "IPC Reader 3 on port 51333" daemon [_thread_in_native, id=24477, stack(0x00007f81ebcfd000,0x00007f81ebdfe000)]
  0x00007f81fcb93000 JavaThread "IPC Reader 2 on port 51333" daemon [_thread_in_native, id=24476, stack(0x00007f81ebdfe000,0x00007f81ebeff000)]
  0x00007f81fcb91800 JavaThread "IPC Reader 1 on port 51333" daemon [_thread_in_native, id=24475, stack(0x00007f81ebeff000,0x00007f81ec000000)]
  0x00007f81fcb91000 JavaThread "IPC Reader 0 on port 51333" daemon [_thread_in_native, id=24474, stack(0x00007f81f00e1000,0x00007f81f01e2000)]
  0x00007f81fcb69800 JavaThread "Timer thread for monitoring jvm" daemon [_thread_blocked, id=24473, stack(0x00007f81f01e2000,0x00007f81f02e3000)]
  0x00007f81fcb67800 JavaThread "Timer thread for monitoring hbase" daemon [_thread_blocked, id=24472, stack(0x00007f81f02e3000,0x00007f81f03e4000)]
  0x00007f81fcb64800 JavaThread "REPL IPC Server handler 2 on 32954" daemon [_thread_blocked, id=24471, stack(0x00007f81f03e4000,0x00007f81f04e5000)]
  0x00007f81fcb63000 JavaThread "REPL IPC Server handler 1 on 32954" daemon [_thread_blocked, id=24470, stack(0x00007f81f04e5000,0x00007f81f05e6000)]
  0x00007f81fcb60800 JavaThread "REPL IPC Server handler 0 on 32954" daemon [_thread_blocked, id=24469, stack(0x00007f81f05e6000,0x00007f81f06e7000)]
  0x00007f81fcb5d800 JavaThread "IPC Server handler 9 on 32954" daemon [_thread_blocked, id=24468, stack(0x00007f81f06e7000,0x00007f81f07e8000)]
  0x00007f81fcb5b800 JavaThread "IPC Server handler 8 on 32954" daemon [_thread_blocked, id=24467, stack(0x00007f81f07e8000,0x00007f81f08e9000)]
  0x00007f81fcb59800 JavaThread "IPC Server handler 7 on 32954" daemon [_thread_blocked, id=24466, stack(0x00007f81f08e9000,0x00007f81f09ea000)]
  0x00007f81fcb56000 JavaThread "IPC Server handler 6 on 32954" daemon [_thread_blocked, id=24465, stack(0x00007f81f09ea000,0x00007f81f0aeb000)]
  0x00007f81fcb54000 JavaThread "IPC Server handler 5 on 32954" daemon [_thread_blocked, id=24464, stack(0x00007f81f0aeb000,0x00007f81f0bec000)]
  0x00007f81fcb51800 JavaThread "IPC Server handler 4 on 32954" daemon [_thread_blocked, id=24463, stack(0x00007f81f0bec000,0x00007f81f0ced000)]
  0x00007f81fcb50000 JavaThread "IPC Server handler 3 on 32954" daemon [_thread_blocked, id=24462, stack(0x00007f81f0ced000,0x00007f81f0dee000)]
  0x00007f81fcacd800 JavaThread "IPC Server handler 2 on 32954" daemon [_thread_blocked, id=24461, stack(0x00007f81f0dee000,0x00007f81f0eef000)]
  0x00007f81fcacc000 JavaThread "IPC Server handler 1 on 32954" daemon [_thread_blocked, id=24460, stack(0x00007f81f0eef000,0x00007f81f0ff0000)]
  0x00007f81fcaca000 JavaThread "IPC Server handler 0 on 32954" daemon [_thread_blocked, id=24459, stack(0x00007f81f0ff0000,0x00007f81f10f1000)]
  0x00007f81fcac7800 JavaThread "IPC Server listener on 32954" daemon [_thread_in_native, id=24458, stack(0x00007f81f10f1000,0x00007f81f11f2000)]
  0x00007f81fcad1800 JavaThread "IPC Server Responder" daemon [_thread_in_native, id=24457, stack(0x00007f81f11f2000,0x00007f81f12f3000)]
  0x00007f81fcad8800 JavaThread "main-EventThread" daemon [_thread_blocked, id=24456, stack(0x00007f81f12f3000,0x00007f81f13f4000)]
  0x00007f81fcad3800 JavaThread "main-SendThread(localhost.localdomain:2181)" daemon [_thread_blocked, id=24455, stack(0x00007f81f13f4000,0x00007f81f14f5000)]
  0x00007f81fca4e800 JavaThread "Timer thread for monitoring rpc" daemon [_thread_blocked, id=24454, stack(0x00007f81f14f5000,0x00007f81f15f6000)]
  0x00007f81fca15800 JavaThread "IPC Reader 9 on port 32954" daemon [_thread_in_native, id=24453, stack(0x00007f81f15f6000,0x00007f81f16f7000)]
  0x00007f81fca13800 JavaThread "IPC Reader 8 on port 32954" daemon [_thread_in_native, id=24452, stack(0x00007f81f16f7000,0x00007f81f17f8000)]
  0x00007f81fca12000 JavaThread "IPC Reader 7 on port 32954" daemon [_thread_in_native, id=24451, stack(0x00007f81f17f8000,0x00007f81f18f9000)]
  0x00007f81fca58000 JavaThread "IPC Reader 6 on port 32954" daemon [_thread_in_native, id=24450, stack(0x00007f81f18f9000,0x00007f81f19fa000)]
  0x00007f81fca56000 JavaThread "IPC Reader 5 on port 32954" daemon [_thread_in_native, id=24449, stack(0x00007f81f19fa000,0x00007f81f1afb000)]
  0x00007f81fca55000 JavaThread "IPC Reader 4 on port 32954" daemon [_thread_in_native, id=24448, stack(0x00007f81f1afb000,0x00007f81f1bfc000)]
  0x00007f81fca8b800 JavaThread "IPC Reader 3 on port 32954" daemon [_thread_in_native, id=24447, stack(0x00007f81f1bfc000,0x00007f81f1cfd000)]
  0x00007f81fca8a000 JavaThread "IPC Reader 2 on port 32954" daemon [_thread_in_native, id=24446, stack(0x00007f81f1cfd000,0x00007f81f1dfe000)]
  0x00007f81fc9ee000 JavaThread "IPC Reader 1 on port 32954" daemon [_thread_in_native, id=24445, stack(0x00007f81f1dfe000,0x00007f81f1eff000)]
  0x00007f81fc9ed000 JavaThread "IPC Reader 0 on port 32954" daemon [_thread_in_native, id=24444, stack(0x00007f81f1eff000,0x00007f81f2000000)]
  0x00007f81fc897000 JavaThread "ProcessThread(sid:0 cport:-1):" [_thread_blocked, id=24441, stack(0x00007f81f8244000,0x00007f81f8345000)]
  0x00007f81fc893800 JavaThread "SyncThread:0" [_thread_blocked, id=24440, stack(0x00007f81f8345000,0x00007f81f8446000)]
  0x00007f81fc691000 JavaThread "SessionTracker" [_thread_blocked, id=24439, stack(0x00007f81f8446000,0x00007f81f8547000)]
  0x00007f81fc6a2800 JavaThread "NIOServerCxn.Factory:0.0.0.0/0.0.0.0:2181" daemon [_thread_in_native, id=24438, stack(0x00007f81f8547000,0x00007f81f8648000)]
  0x00007f81fc11d000 JavaThread "Service Thread" daemon [_thread_blocked, id=24436, stack(0x00007f81f8eff000,0x00007f81f9000000)]
  0x00007f81fc11a800 JavaThread "C2 CompilerThread1" daemon [_thread_blocked, id=24435, stack(0x00007f8200018000,0x00007f8200119000)]
  0x00007f81fc118000 JavaThread "C2 CompilerThread0" daemon [_thread_blocked, id=24434, stack(0x00007f8200119000,0x00007f820021a000)]
  0x00007f81fc115800 JavaThread "Signal Dispatcher" daemon [_thread_blocked, id=24433, stack(0x00007f820021a000,0x00007f820031b000)]
  0x00007f81fc10b800 JavaThread "Surrogate Locker Thread (Concurrent GC)" daemon [_thread_blocked, id=24432, stack(0x00007f820031b000,0x00007f820041c000)]
  0x00007f81fc0f3000 JavaThread "Finalizer" daemon [_thread_blocked, id=24431, stack(0x00007f820041c000,0x00007f820051d000)]
  0x00007f81fc0f1000 JavaThread "Reference Handler" daemon [_thread_blocked, id=24430, stack(0x00007f820051d000,0x00007f820061e000)]
  0x00007f81fc00c800 JavaThread "main" [_thread_blocked, id=24425, stack(0x00007f82058b0000,0x00007f82059b1000)]

Other Threads:
  0x00007f81fc0ed000 VMThread [stack: 0x00007f820061e000,0x00007f820071f000] [id=24429]
  0x00007f81fc128000 WatcherThread [stack: 0x00007f81f8dfe000,0x00007f81f8eff000] [id=24437]

=>0x00007f81fc075800 (exited) ConcurrentGCThread [stack: 0x00007f8200a23000,0x00007f8200b24000] [id=24428]

VM state:not at safepoint (normal execution)

VM Mutex/Monitor currently owned by a thread:  ([mutex/lock_event])
[0x00007f81fc009190] Heap_lock - owner thread: 0x00007f81ec14b000

Heap
 par new generation   total 153344K, used 153344K [0x00000000bc600000, 0x00000000c6c60000, 0x00000000c6c60000)
  eden space 136320K, 100% used [0x00000000bc600000, 0x00000000c4b20000, 0x00000000c4b20000)
  from space 17024K, 100% used [0x00000000c4b20000, 0x00000000c5bc0000, 0x00000000c5bc0000)
  to   space 17024K,   0% used [0x00000000c5bc0000, 0x00000000c5bc0000, 0x00000000c6c60000)
 concurrent mark-sweep generation total 853632K, used 769511K [0x00000000c6c60000, 0x00000000fae00000, 0x00000000fae00000)
 concurrent-mark-sweep perm gen total 37576K, used 22542K [0x00000000fae00000, 0x00000000fd2b2000, 0x0000000100000000)

Card table byte_map: [0x00007f820277c000,0x00007f820299a000] byte_map_base: 0x00007f8202199000

Polling page: 0x00007f82059cb000

Code Cache  [0x00007f81f9000000, 0x00007f81f9590000, 0x00007f81fc000000)
 total_blobs=1889 nmethods=1458 adapters=383 free_code_cache=43745Kb largest_free_block=44527296

Compilation events (10 events):
Event: 10811.904 Thread 0x00007f81fc11a800 1653             java.util.concurrent.ConcurrentSkipListMap::doRemove (211 bytes)
Event: 10811.966 Thread 0x00007f81fc11a800 nmethod 1653 0x00007f81f956ec10 code [0x00007f81f956ee60, 0x00007f81f956fc30]
Event: 10821.903 Thread 0x00007f81fc118000 1654 %           java.util.concurrent.ConcurrentSkipListMap::toList @ 15 (44 bytes)
Event: 10821.918 Thread 0x00007f81fc118000 nmethod 1654% 0x00007f81f93e3690 code [0x00007f81f93e3840, 0x00007f81f93e40c8]
Event: 10881.900 Thread 0x00007f81fc11a800 1655             java.util.concurrent.ConcurrentSkipListMap::toList (44 bytes)
Event: 10881.915 Thread 0x00007f81fc11a800 nmethod 1655 0x00007f81f91ef410 code [0x00007f81f91ef5e0, 0x00007f81f91efeb0]
Event: 10891.839 Thread 0x00007f81fc118000 1656 % !         org.apache.hadoop.hbase.Chore::run @ 2 (228 bytes)
Event: 10891.843 Thread 0x00007f81fc118000 nmethod 1656% 0x00007f81f91eed50 code [0x00007f81f91eeec0, 0x00007f81f91ef108]
Event: 10891.900 Thread 0x00007f81fc11a800 1657             java.util.concurrent.ConcurrentSkipListMap::addIndex (229 bytes)
Event: 10891.910 Thread 0x00007f81fc11a800 nmethod 1657 0x00007f81f956dc10 code [0x00007f81f956ddc0, 0x00007f81f956e4f8]

GC Heap History (10 events):
Event: 11026.872 GC heap before
{Heap before GC invocations=53805 (full 3008):
 par new generation   total 153344K, used 153335K [0x00000000bc600000, 0x00000000c6c60000, 0x00000000c6c60000)
  eden space 136320K,  99% used [0x00000000bc600000, 0x00000000c4b1dc40, 0x00000000c4b20000)
  from space 17024K, 100% used [0x00000000c5bc0000, 0x00000000c6c60000, 0x00000000c6c60000)
  to   space 17024K,   0% used [0x00000000c4b20000, 0x00000000c4b20000, 0x00000000c5bc0000)
 concurrent mark-sweep generation total 853632K, used 660050K [0x00000000c6c60000, 0x00000000fae00000, 0x00000000fae00000)
 concurrent-mark-sweep perm gen total 37576K, used 22542K [0x00000000fae00000, 0x00000000fd2b2000, 0x0000000100000000)
Event: 11026.883 GC heap after
Heap after GC invocations=53806 (full 3008):
 par new generation   total 153344K, used 17024K [0x00000000bc600000, 0x00000000c6c60000, 0x00000000c6c60000)
  eden space 136320K,   0% used [0x00000000bc600000, 0x00000000bc600000, 0x00000000c4b20000)
  from space 17024K, 100% used [0x00000000c4b20000, 0x00000000c5bc0000, 0x00000000c5bc0000)
  to   space 17024K,   0% used [0x00000000c5bc0000, 0x00000000c5bc0000, 0x00000000c6c60000)
 concurrent mark-sweep generation total 853632K, used 684135K [0x00000000c6c60000, 0x00000000fae00000, 0x00000000fae00000)
 concurrent-mark-sweep perm gen total 37576K, used 22542K [0x00000000fae00000, 0x00000000fd2b2000, 0x0000000100000000)
}
Event: 11027.119 GC heap before
{Heap before GC invocations=53806 (full 3008):
 par new generation   total 153344K, used 153344K [0x00000000bc600000, 0x00000000c6c60000, 0x00000000c6c60000)
  eden space 136320K, 100% used [0x00000000bc600000, 0x00000000c4b20000, 0x00000000c4b20000)
  from space 17024K, 100% used [0x00000000c4b20000, 0x00000000c5bc0000, 0x00000000c5bc0000)
  to   space 17024K,   0% used [0x00000000c5bc0000, 0x00000000c5bc0000, 0x00000000c6c60000)
 concurrent mark-sweep generation total 853632K, used 684135K [0x00000000c6c60000, 0x00000000fae00000, 0x00000000fae00000)
 concurrent-mark-sweep perm gen total 37576K, used 22542K [0x00000000fae00000, 0x00000000fd2b2000, 0x0000000100000000)
Event: 11027.129 GC heap after
Heap after GC invocations=53807 (full 3008):
 par new generation   total 153344K, used 16981K [0x00000000bc600000, 0x00000000c6c60000, 0x00000000c6c60000)
  eden space 136320K,   0% used [0x00000000bc600000, 0x00000000bc600000, 0x00000000c4b20000)
  from space 17024K,  99% used [0x00000000c5bc0000, 0x00000000c6c557d0, 0x00000000c6c60000)
  to   space 17024K,   0% used [0x00000000c4b20000, 0x00000000c4b20000, 0x00000000c5bc0000)
 concurrent mark-sweep generation total 853632K, used 701093K [0x00000000c6c60000, 0x00000000fae00000, 0x00000000fae00000)
 concurrent-mark-sweep perm gen total 37576K, used 22542K [0x00000000fae00000, 0x00000000fd2b2000, 0x0000000100000000)
}
Event: 11027.336 GC heap before
{Heap before GC invocations=53807 (full 3008):
 par new generation   total 153344K, used 153266K [0x00000000bc600000, 0x00000000c6c60000, 0x00000000c6c60000)
  eden space 136320K,  99% used [0x00000000bc600000, 0x00000000c4b17308, 0x00000000c4b20000)
  from space 17024K,  99% used [0x00000000c5bc0000, 0x00000000c6c557d0, 0x00000000c6c60000)
  to   space 17024K,   0% used [0x00000000c4b20000, 0x00000000c4b20000, 0x00000000c5bc0000)
 concurrent mark-sweep generation total 853632K, used 701265K [0x00000000c6c60000, 0x00000000fae00000, 0x00000000fae00000)
 concurrent-mark-sweep perm gen total 37576K, used 22542K [0x00000000fae00000, 0x00000000fd2b2000, 0x0000000100000000)
Event: 11027.344 GC heap after
Heap after GC invocations=53808 (full 3008):
 par new generation   total 153344K, used 17024K [0x00000000bc600000, 0x00000000c6c60000, 0x00000000c6c60000)
  eden space 136320K,   0% used [0x00000000bc600000, 0x00000000bc600000, 0x00000000c4b20000)
  from space 17024K, 100% used [0x00000000c4b20000, 0x00000000c5bc0000, 0x00000000c5bc0000)
  to   space 17024K,   0% used [0x00000000c5bc0000, 0x00000000c5bc0000, 0x00000000c6c60000)
 concurrent mark-sweep generation total 853632K, used 711533K [0x00000000c6c60000, 0x00000000fae00000, 0x00000000fae00000)
 concurrent-mark-sweep perm gen total 37576K, used 22542K [0x00000000fae00000, 0x00000000fd2b2000, 0x0000000100000000)
}
Event: 11027.539 GC heap before
{Heap before GC invocations=53808 (full 3008):
 par new generation   total 153344K, used 153342K [0x00000000bc600000, 0x00000000c6c60000, 0x00000000c6c60000)
  eden space 136320K,  99% used [0x00000000bc600000, 0x00000000c4b1f808, 0x00000000c4b20000)
  from space 17024K, 100% used [0x00000000c4b20000, 0x00000000c5bc0000, 0x00000000c5bc0000)
  to   space 17024K,   0% used [0x00000000c5bc0000, 0x00000000c5bc0000, 0x00000000c6c60000)
 concurrent mark-sweep generation total 853632K, used 711604K [0x00000000c6c60000, 0x00000000fae00000, 0x00000000fae00000)
 concurrent-mark-sweep perm gen total 37576K, used 22542K [0x00000000fae00000, 0x00000000fd2b2000, 0x0000000100000000)
Event: 11027.553 GC heap after
Heap after GC invocations=53809 (full 3008):
 par new generation   total 153344K, used 17024K [0x00000000bc600000, 0x00000000c6c60000, 0x00000000c6c60000)
  eden space 136320K,   0% used [0x00000000bc600000, 0x00000000bc600000, 0x00000000c4b20000)
  from space 17024K, 100% used [0x00000000c5bc0000, 0x00000000c6c60000, 0x00000000c6c60000)
  to   space 17024K,   0% used [0x00000000c4b20000, 0x00000000c4b20000, 0x00000000c5bc0000)
 concurrent mark-sweep generation total 853632K, used 740199K [0x00000000c6c60000, 0x00000000fae00000, 0x00000000fae00000)
 concurrent-mark-sweep perm gen total 37576K, used 22542K [0x00000000fae00000, 0x00000000fd2b2000, 0x0000000100000000)
}
Event: 11027.741 GC heap before
{Heap before GC invocations=53809 (full 3008):
 par new generation   total 153344K, used 153291K [0x00000000bc600000, 0x00000000c6c60000, 0x00000000c6c60000)
  eden space 136320K,  99% used [0x00000000bc600000, 0x00000000c4b12db8, 0x00000000c4b20000)
  from space 17024K, 100% used [0x00000000c5bc0000, 0x00000000c6c60000, 0x00000000c6c60000)
  to   space 17024K,   0% used [0x00000000c4b20000, 0x00000000c4b20000, 0x00000000c5bc0000)
 concurrent mark-sweep generation total 853632K, used 740199K [0x00000000c6c60000, 0x00000000fae00000, 0x00000000fae00000)
 concurrent-mark-sweep perm gen total 37576K, used 22542K [0x00000000fae00000, 0x00000000fd2b2000, 0x0000000100000000)
Event: 11027.755 GC heap after
Heap after GC invocations=53810 (full 3008):
 par new generation   total 153344K, used 17024K [0x00000000bc600000, 0x00000000c6c60000, 0x00000000c6c60000)
  eden space 136320K,   0% used [0x00000000bc600000, 0x00000000bc600000, 0x00000000c4b20000)
  from space 17024K, 100% used [0x00000000c4b20000, 0x00000000c5bc0000, 0x00000000c5bc0000)
  to   space 17024K,   0% used [0x00000000c5bc0000, 0x00000000c5bc0000, 0x00000000c6c60000)
 concurrent mark-sweep generation total 853632K, used 769511K [0x00000000c6c60000, 0x00000000fae00000, 0x00000000fae00000)
 concurrent-mark-sweep perm gen total 37576K, used 22542K [0x00000000fae00000, 0x00000000fd2b2000, 0x0000000100000000)
}

Deoptimization events (10 events):
Event: 6427.443 Thread 0x00007f81fcc3b800 Uncommon trap: reason=unstable_if action=reinterpret pc=0x00007f81f9513594 method=sun.misc.FloatingDecimal.dtoa(IJI)V @ 822
Event: 6477.963 Thread 0x00007f81fcc3b800 Uncommon trap: reason=unstable_if action=reinterpret pc=0x00007f81f9554008 method=java.text.DecimalFormat.subformat(Ljava/lang/StringBuffer;Ljava/text/Format$FieldDelegate;ZZIIII)Ljava/lang/StringBuffer; @ 70
Event: 7204.848 Thread 0x00007f81ec06c800 Uncommon trap: reason=bimorphic action=maybe_recompile pc=0x00007f81f92f0654 method=org.apache.hadoop.io.WritableUtils.writeVLong(Ljava/io/DataOutput;J)V @ 20
Event: 7204.849 Thread 0x00007f81ec06c800 Uncommon trap: reason=unstable_if action=reinterpret pc=0x00007f81f93c4050 method=java.util.TreeMap.put(Ljava/lang/Object;Ljava/lang/Object;)Ljava/lang/Object; @ 55
Event: 7211.899 Thread 0x00007f81fcb67800 Uncommon trap: reason=class_check action=maybe_recompile pc=0x00007f81f93b8110 method=java.util.concurrent.ConcurrentSkipListMap.toList(Ljava/util/Collection;)Ljava/util/List; @ 9
Event: 7217.835 Thread 0x000000000192e000 Uncommon trap: reason=class_check action=maybe_recompile pc=0x00007f81f93414d0 method=java.util.concurrent.ConcurrentSkipListMap.addIndex(Ljava/util/concurrent/ConcurrentSkipListMap$Index;Ljava/util/concurrent/ConcurrentSkipListMap$HeadIndex;I)V @ 67
Event: 7411.897 Thread 0x00007f81ec140800 Uncommon trap: reason=unstable_if action=reinterpret pc=0x00007f81f9304630 method=java.util.concurrent.atomic.AtomicLong.addAndGet(J)J @ 17
Event: 8117.833 Thread 0x000000000192e000 Uncommon trap: reason=class_check action=maybe_recompile pc=0x00007f81f93414d0 method=java.util.concurrent.ConcurrentSkipListMap.addIndex(Ljava/util/concurrent/ConcurrentSkipListMap$Index;Ljava/util/concurrent/ConcurrentSkipListMap$HeadIndex;I)V @ 67
Event: 10811.899 Thread 0x00007f81fcb67800 Uncommon trap: reason=class_check action=maybe_recompile pc=0x00007f81f93b8110 method=java.util.concurrent.ConcurrentSkipListMap.toList(Ljava/util/Collection;)Ljava/util/List; @ 9
Event: 10817.896 Thread 0x000000000192e000 Uncommon trap: reason=class_check action=maybe_recompile pc=0x00007f81f93414d0 method=java.util.concurrent.ConcurrentSkipListMap.addIndex(Ljava/util/concurrent/ConcurrentSkipListMap$Index;Ljava/util/concurrent/ConcurrentSkipListMap$HeadIndex;I)V @ 67

Internal exceptions (10 events):
Event: 3604.247 Thread 0x00007f81ec06c800 Implicit null exception at 0x00007f81f93d76e3 to 0x00007f81f93d7919
Event: 3604.247 Thread 0x00007f81ec06c800 Implicit null exception at 0x00007f81f947f060 to 0x00007f81f947f109
Event: 3604.248 Thread 0x00007f81ec06c800 Implicit null exception at 0x00007f81f92a7f66 to 0x00007f81f92a8015
Event: 3624.201 Thread 0x00007f81ec071000 Threw 0x00000000c39690d8 at /HUDSON/workspace/7u-2-build-linux-amd64/jdk7u80/2329/hotspot/src/share/vm/prims/jvm.cpp:1319
Event: 3624.276 Thread 0x00007f81ec071000 Threw 0x00000000bc638858 at /HUDSON/workspace/7u-2-build-linux-amd64/jdk7u80/2329/hotspot/src/share/vm/prims/jvm.cpp:1319
Event: 3636.477 Thread 0x00007f81ec06e000 Threw 0x00000000bf306e88 at /HUDSON/workspace/7u-2-build-linux-amd64/jdk7u80/2329/hotspot/src/share/vm/prims/jvm.cpp:1319
Event: 3636.552 Thread 0x00007f81ec06e000 Threw 0x00000000bf30bfd8 at /HUDSON/workspace/7u-2-build-linux-amd64/jdk7u80/2329/hotspot/src/share/vm/prims/jvm.cpp:1319
Event: 3636.568 Thread 0x00007f81ec06e000 Threw 0x00000000bf312ec0 at /HUDSON/workspace/7u-2-build-linux-amd64/jdk7u80/2329/hotspot/src/share/vm/prims/jvm.cpp:1319
Event: 3640.321 Thread 0x00007f81ec06e000 Implicit null exception at 0x00007f81f9524476 to 0x00007f81f9525ca1
Event: 7204.849 Thread 0x00007f81ec06c800 Implicit null exception at 0x00007f81f93c3685 to 0x00007f81f93c4031

Events (10 events):
Event: 11027.335 Executing VM operation: GenCollectFull
Event: 11027.344 Executing VM operation: GenCollectFull done
Event: 11027.539 Executing VM operation: GenCollectForAllocation
Event: 11027.539 Executing VM operation: GenCollectForAllocation done
Event: 11027.539 Executing VM operation: GenCollectFull
Event: 11027.553 Executing VM operation: GenCollectFull done
Event: 11027.741 Executing VM operation: GenCollectForAllocation
Event: 11027.755 Executing VM operation: GenCollectForAllocation done
Event: 11027.755 Executing VM operation: CMS_Initial_Mark
Event: 11027.757 Executing VM operation: CMS_Initial_Mark done


Dynamic libraries:
00400000-00401000 r-xp 00000000 09:03 42091105                           /usr/lib/jvm/java-7-oracle/bin/java
00600000-00601000 rw-p 00000000 09:03 42091105                           /usr/lib/jvm/java-7-oracle/bin/java
018a6000-01d0d000 rw-p 00000000 00:00 0                                  [heap]
bc600000-c6c60000 rw-p 00000000 00:00 0 
c6c60000-fae00000 rw-p 00000000 00:00 0 
fae00000-fd2b2000 rw-p 00000000 00:00 0 
fd2b2000-100000000 rw-p 00000000 00:00 0 
7f81e6aac000-7f81e6aaf000 ---p 00000000 00:00 0 
7f81e6aaf000-7f81e6bad000 rw-p 00000000 00:00 0 
7f81e6bad000-7f81e6bb0000 ---p 00000000 00:00 0 
7f81e6bb0000-7f81e6cae000 rw-p 00000000 00:00 0 
7f81e6cae000-7f81e6cb1000 ---p 00000000 00:00 0 
7f81e6cb1000-7f81e6daf000 rw-p 00000000 00:00 0 
7f81e6daf000-7f81e6db2000 ---p 00000000 00:00 0 
7f81e6db2000-7f81e6eb0000 rw-p 00000000 00:00 0 
7f81e6eb0000-7f81e6eb3000 ---p 00000000 00:00 0 
7f81e6eb3000-7f81e6fb1000 rw-p 00000000 00:00 0 
7f81e6fb1000-7f81e6fb4000 ---p 00000000 00:00 0 
7f81e6fb4000-7f81e70b2000 rw-p 00000000 00:00 0 
7f81e70b2000-7f81e70b5000 ---p 00000000 00:00 0 
7f81e70b5000-7f81e71b3000 rw-p 00000000 00:00 0 
7f81e71b3000-7f81e71b6000 ---p 00000000 00:00 0 
7f81e71b6000-7f81e72b4000 rw-p 00000000 00:00 0 
7f81e72b4000-7f81e72b7000 ---p 00000000 00:00 0 
7f81e72b7000-7f81e73b5000 rw-p 00000000 00:00 0 
7f81e73b5000-7f81e73b8000 ---p 00000000 00:00 0 
7f81e73b8000-7f81e74b6000 rw-p 00000000 00:00 0 
7f81e74b6000-7f81e74b9000 ---p 00000000 00:00 0 
7f81e74b9000-7f81e75b7000 rw-p 00000000 00:00 0 
7f81e75b7000-7f81e75ba000 ---p 00000000 00:00 0 
7f81e75ba000-7f81e76b8000 rw-p 00000000 00:00 0 
7f81e76b8000-7f81e76bb000 ---p 00000000 00:00 0 
7f81e76bb000-7f81e77b9000 rw-p 00000000 00:00 0 
7f81e77b9000-7f81e77bc000 ---p 00000000 00:00 0 
7f81e77bc000-7f81e78ba000 rw-p 00000000 00:00 0 
7f81e78ba000-7f81e78bd000 ---p 00000000 00:00 0 
7f81e78bd000-7f81e79bb000 rw-p 00000000 00:00 0 
7f81e79bb000-7f81e79be000 ---p 00000000 00:00 0 
7f81e79be000-7f81e7abc000 rw-p 00000000 00:00 0 
7f81e7abc000-7f81e7abf000 ---p 00000000 00:00 0 
7f81e7abf000-7f81e7bbd000 rw-p 00000000 00:00 0 
7f81e7bbd000-7f81e7bc0000 ---p 00000000 00:00 0 
7f81e7bc0000-7f81e7cbe000 rw-p 00000000 00:00 0 
7f81e7cbe000-7f81e7cc1000 ---p 00000000 00:00 0 
7f81e7cc1000-7f81e7dbf000 rw-p 00000000 00:00 0 
7f81e7dbf000-7f81e7dc2000 ---p 00000000 00:00 0 
7f81e7dc2000-7f81e7ec0000 rw-p 00000000 00:00 0 
7f81e7ec0000-7f81e7ec3000 ---p 00000000 00:00 0 
7f81e7ec3000-7f81e7fc1000 rw-p 00000000 00:00 0 
7f81e7fc1000-7f81e7fc4000 ---p 00000000 00:00 0 
7f81e7fc4000-7f81e80c2000 rw-p 00000000 00:00 0 
7f81e80c2000-7f81e80c5000 ---p 00000000 00:00 0 
7f81e80c5000-7f81e81c3000 rw-p 00000000 00:00 0 
7f81e81c3000-7f81e81c6000 ---p 00000000 00:00 0 
7f81e81c6000-7f81e82c4000 rw-p 00000000 00:00 0 
7f81e82c4000-7f81e82c7000 ---p 00000000 00:00 0 
7f81e82c7000-7f81e83c5000 rw-p 00000000 00:00 0 
7f81e83c5000-7f81e83c8000 ---p 00000000 00:00 0 
7f81e83c8000-7f81e84c6000 rw-p 00000000 00:00 0 
7f81e84c6000-7f81e84c9000 ---p 00000000 00:00 0 
7f81e84c9000-7f81e85c7000 rw-p 00000000 00:00 0 
7f81e85c7000-7f81e85ca000 ---p 00000000 00:00 0 
7f81e85ca000-7f81e86c8000 rw-p 00000000 00:00 0 
7f81e86c8000-7f81e86cb000 ---p 00000000 00:00 0 
7f81e86cb000-7f81e87c9000 rw-p 00000000 00:00 0 
7f81e87c9000-7f81e87cc000 ---p 00000000 00:00 0 
7f81e87cc000-7f81e88ca000 rw-p 00000000 00:00 0 
7f81e88ca000-7f81e88cd000 ---p 00000000 00:00 0 
7f81e88cd000-7f81e89cb000 rw-p 00000000 00:00 0 
7f81e89cb000-7f81e89ce000 ---p 00000000 00:00 0 
7f81e89ce000-7f81e8acc000 rw-p 00000000 00:00 0 
7f81e8acc000-7f81e8acf000 ---p 00000000 00:00 0 
7f81e8acf000-7f81e8bcd000 rw-p 00000000 00:00 0 
7f81e8bcd000-7f81e8bd0000 ---p 00000000 00:00 0 
7f81e8bd0000-7f81e8cce000 rw-p 00000000 00:00 0 
7f81e8cce000-7f81e8cd1000 ---p 00000000 00:00 0 
7f81e8cd1000-7f81e8dcf000 rw-p 00000000 00:00 0 
7f81e8dcf000-7f81e8dd2000 ---p 00000000 00:00 0 
7f81e8dd2000-7f81e8ed0000 rw-p 00000000 00:00 0 
7f81e8ed0000-7f81e8ed3000 ---p 00000000 00:00 0 
7f81e8ed3000-7f81e8fd1000 rw-p 00000000 00:00 0 
7f81e8fd1000-7f81e8fd4000 ---p 00000000 00:00 0 
7f81e8fd4000-7f81e90d2000 rw-p 00000000 00:00 0 
7f81e90d2000-7f81e90d5000 ---p 00000000 00:00 0 
7f81e90d5000-7f81e91d3000 rw-p 00000000 00:00 0 
7f81e91d3000-7f81e91d6000 ---p 00000000 00:00 0 
7f81e91d6000-7f81e92d4000 rw-p 00000000 00:00 0 
7f81e92d4000-7f81e92d7000 ---p 00000000 00:00 0 
7f81e92d7000-7f81e93d5000 rw-p 00000000 00:00 0 
7f81e93d5000-7f81e93d8000 ---p 00000000 00:00 0 
7f81e93d8000-7f81e94d6000 rw-p 00000000 00:00 0 
7f81e94d6000-7f81e94d9000 ---p 00000000 00:00 0 
7f81e94d9000-7f81e95d7000 rw-p 00000000 00:00 0 
7f81e95d7000-7f81e95da000 ---p 00000000 00:00 0 
7f81e95da000-7f81e96d8000 rw-p 00000000 00:00 0 
7f81e96d8000-7f81e96db000 ---p 00000000 00:00 0 
7f81e96db000-7f81e97d9000 rw-p 00000000 00:00 0 
7f81e97d9000-7f81e97dc000 ---p 00000000 00:00 0 
7f81e97dc000-7f81e98da000 rw-p 00000000 00:00 0 
7f81e98da000-7f81e98dd000 ---p 00000000 00:00 0 
7f81e98dd000-7f81e99db000 rw-p 00000000 00:00 0 
7f81e99db000-7f81e99de000 ---p 00000000 00:00 0 
7f81e99de000-7f81e9adc000 rw-p 00000000 00:00 0 
7f81e9adc000-7f81e9adf000 ---p 00000000 00:00 0 
7f81e9adf000-7f81e9bdd000 rw-p 00000000 00:00 0 
7f81e9bdd000-7f81e9be0000 ---p 00000000 00:00 0 
7f81e9be0000-7f81e9cde000 rw-p 00000000 00:00 0 
7f81e9cde000-7f81e9ce1000 ---p 00000000 00:00 0 
7f81e9ce1000-7f81e9ddf000 rw-p 00000000 00:00 0 
7f81e9ddf000-7f81e9de2000 ---p 00000000 00:00 0 
7f81e9de2000-7f81e9ee0000 rw-p 00000000 00:00 0 
7f81e9ee0000-7f81e9ee3000 ---p 00000000 00:00 0 
7f81e9ee3000-7f81e9fe1000 rw-p 00000000 00:00 0 
7f81e9fe1000-7f81e9fe4000 ---p 00000000 00:00 0 
7f81e9fe4000-7f81ea0e2000 rw-p 00000000 00:00 0 
7f81ea0e2000-7f81ea0e5000 ---p 00000000 00:00 0 
7f81ea0e5000-7f81ea1e3000 rw-p 00000000 00:00 0 
7f81ea1e3000-7f81ea1e6000 ---p 00000000 00:00 0 
7f81ea1e6000-7f81ea2e4000 rw-p 00000000 00:00 0 
7f81ea2e4000-7f81ea2e7000 ---p 00000000 00:00 0 
7f81ea2e7000-7f81ea3e5000 rw-p 00000000 00:00 0 
7f81ea3e5000-7f81ea3e8000 ---p 00000000 00:00 0 
7f81ea3e8000-7f81ea4e6000 rw-p 00000000 00:00 0 
7f81ea4e6000-7f81ea4e9000 ---p 00000000 00:00 0 
7f81ea4e9000-7f81ea5e7000 rw-p 00000000 00:00 0 
7f81ea5e7000-7f81ea5ea000 ---p 00000000 00:00 0 
7f81ea5ea000-7f81ea6e8000 rw-p 00000000 00:00 0 
7f81ea6e8000-7f81ea6eb000 ---p 00000000 00:00 0 
7f81ea6eb000-7f81ea7e9000 rw-p 00000000 00:00 0 
7f81ea7e9000-7f81ea7ec000 ---p 00000000 00:00 0 
7f81ea7ec000-7f81ea8ea000 rw-p 00000000 00:00 0 
7f81ea8ea000-7f81ea8ed000 ---p 00000000 00:00 0 
7f81ea8ed000-7f81ea9eb000 rw-p 00000000 00:00 0 
7f81ea9eb000-7f81ea9ee000 ---p 00000000 00:00 0 
7f81ea9ee000-7f81eaaec000 rw-p 00000000 00:00 0 
7f81eaaec000-7f81eaaef000 ---p 00000000 00:00 0 
7f81eaaef000-7f81eabed000 rw-p 00000000 00:00 0 
7f81eabed000-7f81eabf0000 ---p 00000000 00:00 0 
7f81eabf0000-7f81eacee000 rw-p 00000000 00:00 0 
7f81eacee000-7f81eacf1000 ---p 00000000 00:00 0 
7f81eacf1000-7f81eadef000 rw-p 00000000 00:00 0 
7f81eadef000-7f81eadf2000 ---p 00000000 00:00 0 
7f81eadf2000-7f81eaef0000 rw-p 00000000 00:00 0 
7f81eaef0000-7f81eaef1000 r-xp 00000000 09:03 42351742                   /usr/lib/jvm/java-7-oracle/jre/lib/amd64/libjaas_unix.so
7f81eaef1000-7f81eb0f0000 ---p 00001000 09:03 42351742                   /usr/lib/jvm/java-7-oracle/jre/lib/amd64/libjaas_unix.so
7f81eb0f0000-7f81eb0f1000 rw-p 00000000 09:03 42351742                   /usr/lib/jvm/java-7-oracle/jre/lib/amd64/libjaas_unix.so
7f81eb0f1000-7f81eb0f4000 ---p 00000000 00:00 0 
7f81eb0f4000-7f81eb1f2000 rw-p 00000000 00:00 0 
7f81eb1f2000-7f81eb1f5000 ---p 00000000 00:00 0 
7f81eb1f5000-7f81eb2f3000 rw-p 00000000 00:00 0 
7f81eb2f3000-7f81eb2f6000 ---p 00000000 00:00 0 
7f81eb2f6000-7f81eb3f4000 rw-p 00000000 00:00 0 
7f81eb3f4000-7f81eb3f7000 ---p 00000000 00:00 0 
7f81eb3f7000-7f81eb4f5000 rw-p 00000000 00:00 0 
7f81eb4f5000-7f81eb4f8000 ---p 00000000 00:00 0 
7f81eb4f8000-7f81eb5f6000 rw-p 00000000 00:00 0 
7f81eb5f6000-7f81eb5f9000 ---p 00000000 00:00 0 
7f81eb5f9000-7f81eb6f7000 rw-p 00000000 00:00 0 
7f81eb6f7000-7f81eb6fa000 ---p 00000000 00:00 0 
7f81eb6fa000-7f81eb7f8000 rw-p 00000000 00:00 0 
7f81eb7f8000-7f81eb7fb000 ---p 00000000 00:00 0 
7f81eb7fb000-7f81eb8f9000 rw-p 00000000 00:00 0 
7f81eb8f9000-7f81eb8fc000 ---p 00000000 00:00 0 
7f81eb8fc000-7f81eb9fa000 rw-p 00000000 00:00 0 
7f81eb9fa000-7f81eb9fd000 ---p 00000000 00:00 0 
7f81eb9fd000-7f81ebafb000 rw-p 00000000 00:00 0 
7f81ebafb000-7f81ebafe000 ---p 00000000 00:00 0 
7f81ebafe000-7f81ebbfc000 rw-p 00000000 00:00 0 
7f81ebbfc000-7f81ebbff000 ---p 00000000 00:00 0 
7f81ebbff000-7f81ebcfd000 rw-p 00000000 00:00 0 
7f81ebcfd000-7f81ebd00000 ---p 00000000 00:00 0 
7f81ebd00000-7f81ebdfe000 rw-p 00000000 00:00 0 
7f81ebdfe000-7f81ebe01000 ---p 00000000 00:00 0 
7f81ebe01000-7f81ebeff000 rw-p 00000000 00:00 0 
7f81ebeff000-7f81ebf02000 ---p 00000000 00:00 0 
7f81ebf02000-7f81ec000000 rw-p 00000000 00:00 0 
7f81ec000000-7f81ec45f000 rw-p 00000000 00:00 0 
7f81ec45f000-7f81f0000000 ---p 00000000 00:00 0 
7f81f00e1000-7f81f00e4000 ---p 00000000 00:00 0 
7f81f00e4000-7f81f01e2000 rw-p 00000000 00:00 0 
7f81f01e2000-7f81f01e5000 ---p 00000000 00:00 0 
7f81f01e5000-7f81f02e3000 rw-p 00000000 00:00 0 
7f81f02e3000-7f81f02e6000 ---p 00000000 00:00 0 
7f81f02e6000-7f81f03e4000 rw-p 00000000 00:00 0 
7f81f03e4000-7f81f03e7000 ---p 00000000 00:00 0 
7f81f03e7000-7f81f04e5000 rw-p 00000000 00:00 0 
7f81f04e5000-7f81f04e8000 ---p 00000000 00:00 0 
7f81f04e8000-7f81f05e6000 rw-p 00000000 00:00 0 
7f81f05e6000-7f81f05e9000 ---p 00000000 00:00 0 
7f81f05e9000-7f81f06e7000 rw-p 00000000 00:00 0 
7f81f06e7000-7f81f06ea000 ---p 00000000 00:00 0 
7f81f06ea000-7f81f07e8000 rw-p 00000000 00:00 0 
7f81f07e8000-7f81f07eb000 ---p 00000000 00:00 0 
7f81f07eb000-7f81f08e9000 rw-p 00000000 00:00 0 
7f81f08e9000-7f81f08ec000 ---p 00000000 00:00 0 
7f81f08ec000-7f81f09ea000 rw-p 00000000 00:00 0 
7f81f09ea000-7f81f09ed000 ---p 00000000 00:00 0 
7f81f09ed000-7f81f0aeb000 rw-p 00000000 00:00 0 
7f81f0aeb000-7f81f0aee000 ---p 00000000 00:00 0 
7f81f0aee000-7f81f0bec000 rw-p 00000000 00:00 0 
7f81f0bec000-7f81f0bef000 ---p 00000000 00:00 0 
7f81f0bef000-7f81f0ced000 rw-p 00000000 00:00 0 
7f81f0ced000-7f81f0cf0000 ---p 00000000 00:00 0 
7f81f0cf0000-7f81f0dee000 rw-p 00000000 00:00 0 
7f81f0dee000-7f81f0df1000 ---p 00000000 00:00 0 
7f81f0df1000-7f81f0eef000 rw-p 00000000 00:00 0 
7f81f0eef000-7f81f0ef2000 ---p 00000000 00:00 0 
7f81f0ef2000-7f81f0ff0000 rw-p 00000000 00:00 0 
7f81f0ff0000-7f81f0ff3000 ---p 00000000 00:00 0 
7f81f0ff3000-7f81f10f1000 rw-p 00000000 00:00 0 
7f81f10f1000-7f81f10f4000 ---p 00000000 00:00 0 
7f81f10f4000-7f81f11f2000 rw-p 00000000 00:00 0 
7f81f11f2000-7f81f11f5000 ---p 00000000 00:00 0 
7f81f11f5000-7f81f12f3000 rw-p 00000000 00:00 0 
7f81f12f3000-7f81f12f6000 ---p 00000000 00:00 0 
7f81f12f6000-7f81f13f4000 rw-p 00000000 00:00 0 
7f81f13f4000-7f81f13f7000 ---p 00000000 00:00 0 
7f81f13f7000-7f81f14f5000 rw-p 00000000 00:00 0 
7f81f14f5000-7f81f14f8000 ---p 00000000 00:00 0 
7f81f14f8000-7f81f15f6000 rw-p 00000000 00:00 0 
7f81f15f6000-7f81f15f9000 ---p 00000000 00:00 0 
7f81f15f9000-7f81f16f7000 rw-p 00000000 00:00 0 
7f81f16f7000-7f81f16fa000 ---p 00000000 00:00 0 
7f81f16fa000-7f81f17f8000 rw-p 00000000 00:00 0 
7f81f17f8000-7f81f17fb000 ---p 00000000 00:00 0 
7f81f17fb000-7f81f18f9000 rw-p 00000000 00:00 0 
7f81f18f9000-7f81f18fc000 ---p 00000000 00:00 0 
7f81f18fc000-7f81f19fa000 rw-p 00000000 00:00 0 
7f81f19fa000-7f81f19fd000 ---p 00000000 00:00 0 
7f81f19fd000-7f81f1afb000 rw-p 00000000 00:00 0 
7f81f1afb000-7f81f1afe000 ---p 00000000 00:00 0 
7f81f1afe000-7f81f1bfc000 rw-p 00000000 00:00 0 
7f81f1bfc000-7f81f1bff000 ---p 00000000 00:00 0 
7f81f1bff000-7f81f1cfd000 rw-p 00000000 00:00 0 
7f81f1cfd000-7f81f1d00000 ---p 00000000 00:00 0 
7f81f1d00000-7f81f1dfe000 rw-p 00000000 00:00 0 
7f81f1dfe000-7f81f1e01000 ---p 00000000 00:00 0 
7f81f1e01000-7f81f1eff000 rw-p 00000000 00:00 0 
7f81f1eff000-7f81f1f02000 ---p 00000000 00:00 0 
7f81f1f02000-7f81f4000000 rw-p 00000000 00:00 0 
7f81f4000000-7f81f5be1000 rw-p 00000000 00:00 0 
7f81f5be1000-7f81f8000000 ---p 00000000 00:00 0 
7f81f803c000-7f81f8044000 r-xp 00000000 09:03 42351773                   /usr/lib/jvm/java-7-oracle/jre/lib/amd64/libmanagement.so
7f81f8044000-7f81f8243000 ---p 00008000 09:03 42351773                   /usr/lib/jvm/java-7-oracle/jre/lib/amd64/libmanagement.so
7f81f8243000-7f81f8244000 rw-p 00007000 09:03 42351773                   /usr/lib/jvm/java-7-oracle/jre/lib/amd64/libmanagement.so
7f81f8244000-7f81f8247000 ---p 00000000 00:00 0 
7f81f8247000-7f81f8345000 rw-p 00000000 00:00 0 
7f81f8345000-7f81f8348000 ---p 00000000 00:00 0 
7f81f8348000-7f81f8446000 rw-p 00000000 00:00 0 
7f81f8446000-7f81f8449000 ---p 00000000 00:00 0 
7f81f8449000-7f81f8547000 rw-p 00000000 00:00 0 
7f81f8547000-7f81f854a000 ---p 00000000 00:00 0 
7f81f854a000-7f81f8648000 rw-p 00000000 00:00 0 
7f81f8648000-7f81f865f000 r-xp 00000000 09:03 42351751                   /usr/lib/jvm/java-7-oracle/jre/lib/amd64/libnet.so
7f81f865f000-7f81f885e000 ---p 00017000 09:03 42351751                   /usr/lib/jvm/java-7-oracle/jre/lib/amd64/libnet.so
7f81f885e000-7f81f885f000 rw-p 00016000 09:03 42351751                   /usr/lib/jvm/java-7-oracle/jre/lib/amd64/libnet.so
7f81f885f000-7f81f886f000 r-xp 00000000 09:03 42351733                   /usr/lib/jvm/java-7-oracle/jre/lib/amd64/libnio.so
7f81f886f000-7f81f8a6f000 ---p 00010000 09:03 42351733                   /usr/lib/jvm/java-7-oracle/jre/lib/amd64/libnio.so
7f81f8a6f000-7f81f8a70000 rw-p 00010000 09:03 42351733                   /usr/lib/jvm/java-7-oracle/jre/lib/amd64/libnio.so
7f81f8a70000-7f81f8a7c000 r--s 000b3000 09:03 12718895                   /NutchCrawl/HBase/lib/zookeeper-3.4.5.jar
7f81f8a7c000-7f81f8a7d000 r--s 00003000 09:03 12719086                   /NutchCrawl/HBase/lib/xmlenc-0.52.jar
7f81f8a7d000-7f81f8a85000 r--s 00066000 09:03 12719084                   /NutchCrawl/HBase/lib/velocity-1.7.jar
7f81f8a85000-7f81f8a87000 r--s 00005000 09:03 12718877                   /NutchCrawl/HBase/lib/stax-api-1.0.1.jar
7f81f8a87000-7f81f8a89000 r--s 000f2000 09:03 12718899                   /NutchCrawl/HBase/lib/snappy-java-1.0.3.2.jar
7f81f8a89000-7f81f8a8b000 r--s 00001000 09:03 12719085                   /NutchCrawl/HBase/lib/slf4j-log4j12-1.4.3.jar
7f81f8a8b000-7f81f8a8c000 r--s 00003000 09:03 12718869                   /NutchCrawl/HBase/lib/slf4j-api-1.4.3.jar
7f81f8a8c000-7f81f8a8f000 r--s 0001e000 09:03 12719095                   /NutchCrawl/HBase/lib/servlet-api-2.5-6.1.14.jar
7f81f8a8f000-7f81f8a95000 r--s 00068000 09:03 12718860                   /NutchCrawl/HBase/lib/protobuf-java-2.4.0a.jar
7f81f8a95000-7f81f8aa4000 r--s 000b2000 09:03 12719081                   /NutchCrawl/HBase/lib/netty-3.2.4.Final.jar
7f81f8aa4000-7f81f8aa7000 r--s 00012000 09:03 12719091                   /NutchCrawl/HBase/lib/metrics-core-2.1.2.jar
7f81f8aa7000-7f81f8ab0000 r--s 0006d000 09:03 12718887                   /NutchCrawl/HBase/lib/log4j-1.2.16.jar
7f81f8ab0000-7f81f8ab7000 r--s 0004c000 09:03 12719090                   /NutchCrawl/HBase/lib/libthrift-0.8.0.jar
7f81f8ab7000-7f81f8abe000 r--s 00037000 09:03 12718872                   /NutchCrawl/HBase/lib/junit-4.10-HBASE-1.jar
7f81f8abe000-7f81f8ac1000 r--s 00006000 09:03 12718863                   /NutchCrawl/HBase/lib/jsr305-1.3.9.jar
7f81f8ac1000-7f81f8ac4000 r--s 0001e000 09:03 12718861                   /NutchCrawl/HBase/lib/jsp-api-2.1-6.1.14.jar
7f81f8ac4000-7f81f8ad5000 r--s 000ea000 09:03 12718889                   /NutchCrawl/HBase/lib/jsp-2.1-6.1.14.jar
7f81f8ad5000-7f81f8afd000 rw-p 00000000 00:00 0 
7f81f8afd000-7f81f8be3000 r--s 00bcd000 09:03 12719099                   /NutchCrawl/HBase/lib/jruby-complete-1.6.5.jar
7f81f8be3000-7f81f8be7000 r--s 00028000 09:03 12718867                   /NutchCrawl/HBase/lib/jetty-util-6.1.26.jar
7f81f8be7000-7f81f8bee000 r--s 0007d000 09:03 12718886                   /NutchCrawl/HBase/lib/jetty-6.1.26.jar
7f81f8bee000-7f81f8bf0000 r--s 0000f000 09:03 12718893                   /NutchCrawl/HBase/lib/jettison-1.1.jar
7f81f8bf0000-7f81f8c01000 r--s 00099000 09:03 12719093                   /NutchCrawl/HBase/lib/jersey-server-1.8.jar
7f81f8c01000-7f81f8c05000 r--s 00021000 09:03 12719089                   /NutchCrawl/HBase/lib/jersey-json-1.8.jar
7f81f8c05000-7f81f8c0f000 r--s 00066000 09:03 12719096                   /NutchCrawl/HBase/lib/jersey-core-1.8.jar
7f81f8c0f000-7f81f8c22000 r--s 000c7000 09:03 12718876                   /NutchCrawl/HBase/lib/jaxb-impl-2.2.3-1.jar
7f81f8c22000-7f81f8c25000 r--s 00013000 09:03 12719088                   /NutchCrawl/HBase/lib/jaxb-api-2.1.jar
7f81f8c25000-7f81f8c27000 r--s 00011000 09:03 12718875                   /NutchCrawl/HBase/lib/jasper-runtime-5.5.23.jar
7f81f8c27000-7f81f8c2c000 r--s 0005f000 09:03 12718874                   /NutchCrawl/HBase/lib/jasper-compiler-5.5.23.jar
7f81f8c2c000-7f81f8c2e000 r--s 00004000 09:03 12718883                   /NutchCrawl/HBase/lib/jamon-runtime-2.3.1.jar
7f81f8c2e000-7f81f8c2f000 r--s 00007000 09:03 12718854                   /NutchCrawl/HBase/lib/jackson-xc-1.8.8.jar
7f81f8c2f000-7f81f8c3c000 r--s 00097000 09:03 12718870                   /NutchCrawl/HBase/lib/jackson-mapper-asl-1.8.8.jar
7f81f8c3c000-7f81f8c3d000 r--s 00004000 09:03 12718888                   /NutchCrawl/HBase/lib/jackson-jaxrs-1.8.8.jar
7f81f8c3d000-7f81f8c41000 r--s 00034000 09:03 12719101                   /NutchCrawl/HBase/lib/jackson-core-asl-1.8.8.jar
7f81f8c41000-7f81f8c46000 r--s 00028000 09:03 12718868                   /NutchCrawl/HBase/lib/httpcore-4.1.3.jar
7f81f8c46000-7f81f8c4e000 r--s 0004e000 09:03 12718866                   /NutchCrawl/HBase/lib/httpclient-4.1.2.jar
7f81f8c4e000-7f81f8c51000 r--s 00015000 09:03 12718855                   /NutchCrawl/HBase/lib/high-scale-lib-1.1.1.jar
7f81f8c51000-7f81f8c88000 r--s 00389000 09:03 12718862                   /NutchCrawl/HBase/lib/hadoop-core-1.0.4.jar
7f81f8c88000-7f81f8ca9000 r--s 00172000 09:03 12718890                   /NutchCrawl/HBase/lib/guava-11.0.2.jar
7f81f8ca9000-7f81f8ccc000 r--s 00344000 09:03 12718881                   /NutchCrawl/HBase/lib/core-3.1.1.jar
7f81f8ccc000-7f81f8cd1000 r--s 00028000 09:03 12719100                   /NutchCrawl/HBase/lib/commons-net-1.4.1.jar
7f81f8cd1000-7f81f8ce2000 r--s 000bb000 09:03 12718858                   /NutchCrawl/HBase/lib/commons-math-2.1.jar
7f81f8ce2000-7f81f8ce4000 r--s 0000d000 09:03 12718871                   /NutchCrawl/HBase/lib/commons-logging-1.1.1.jar
7f81f8ce4000-7f81f8ce9000 r--s 00040000 09:03 12718848                   /NutchCrawl/HBase/lib/commons-lang-2.5.jar
7f81f8ce9000-7f81f8cec000 r--s 00025000 09:03 12718847                   /NutchCrawl/HBase/lib/commons-io-2.1.jar
7f81f8cec000-7f81f8cf2000 r--s 00045000 09:03 12718897                   /NutchCrawl/HBase/lib/commons-httpclient-3.1.jar
7f81f8cf2000-7f81f8cf5000 r--s 00019000 09:03 12718873                   /NutchCrawl/HBase/lib/commons-el-1.0.jar
7f81f8cf5000-7f81f8cf9000 r--s 00020000 09:03 12719098                   /NutchCrawl/HBase/lib/commons-digester-1.8.jar
7f81f8cf9000-7f81f8cff000 r--s 00043000 09:03 12718851                   /NutchCrawl/HBase/lib/commons-configuration-1.6.jar
7f81f8cff000-7f81f8d0d000 r--s 0007f000 09:03 12719083                   /NutchCrawl/HBase/lib/commons-collections-3.2.1.jar
7f81f8d0d000-7f81f8d0f000 r--s 0000d000 09:03 12718900                   /NutchCrawl/HBase/lib/commons-codec-1.4.jar
7f81f8d0f000-7f81f8d11000 r--s 00009000 09:03 12718849                   /NutchCrawl/HBase/lib/commons-cli-1.2.jar
7f81f8d11000-7f81f8d15000 r--s 0002f000 09:03 12718891                   /NutchCrawl/HBase/lib/commons-beanutils-core-1.8.0.jar
7f81f8d15000-7f81f8d1a000 r--s 0002a000 09:03 12718892                   /NutchCrawl/HBase/lib/commons-beanutils-1.7.0.jar
7f81f8d1a000-7f81f8d1e000 r--s 00026000 09:03 12719097                   /NutchCrawl/HBase/lib/avro-ipc-1.5.3.jar
7f81f8d1e000-7f81f8d24000 r--s 0003b000 09:03 12718857                   /NutchCrawl/HBase/lib/avro-1.5.3.jar
7f81f8d24000-7f81f8d25000 r--s 0000a000 09:03 12719094                   /NutchCrawl/HBase/lib/asm-3.1.jar
7f81f8d25000-7f81f8d27000 r--s 0000e000 09:03 12718864                   /NutchCrawl/HBase/lib/activation-1.1.jar
7f81f8d27000-7f81f8d74000 r--s 004bf000 09:03 121388968                  /NutchCrawl/HBase/hbase-0.94.14.jar
7f81f8d74000-7f81f8d93000 r--s 0025f000 09:03 121388964                  /NutchCrawl/HBase/hbase-0.94.14-tests.jar
7f81f8d93000-7f81f8dfe000 r--s 00e21000 09:03 42220033                   /usr/lib/jvm/java-7-oracle/lib/tools.jar
7f81f8dfe000-7f81f8dff000 ---p 00000000 00:00 0 
7f81f8dff000-7f81f8eff000 rw-p 00000000 00:00 0 
7f81f8eff000-7f81f8f02000 ---p 00000000 00:00 0 
7f81f8f02000-7f81f9000000 rw-p 00000000 00:00 0 
7f81f9000000-7f81f9590000 rwxp 00000000 00:00 0 
7f81f9590000-7f81fee8b000 rw-p 00000000 00:00 0 
7f81fee8b000-7f8200000000 ---p 00000000 00:00 0 
7f8200013000-7f8200014000 rw-p 00000000 00:00 0 
7f8200014000-7f8200018000 r--s 0008b000 09:03 42351792                   /usr/lib/jvm/java-7-oracle/jre/lib/jsse.jar
7f8200018000-7f820001b000 ---p 00000000 00:00 0 
7f820001b000-7f8200119000 rw-p 00000000 00:00 0 
7f8200119000-7f820011c000 ---p 00000000 00:00 0 
7f820011c000-7f820021a000 rw-p 00000000 00:00 0 
7f820021a000-7f820021d000 ---p 00000000 00:00 0 
7f820021d000-7f820031b000 rw-p 00000000 00:00 0 
7f820031b000-7f820031e000 ---p 00000000 00:00 0 
7f820031e000-7f820041c000 rw-p 00000000 00:00 0 
7f820041c000-7f820041f000 ---p 00000000 00:00 0 
7f820041f000-7f820051d000 rw-p 00000000 00:00 0 
7f820051d000-7f8200520000 ---p 00000000 00:00 0 
7f8200520000-7f820061e000 rw-p 00000000 00:00 0 
7f820061e000-7f820061f000 ---p 00000000 00:00 0 
7f820061f000-7f820076a000 rw-p 00000000 00:00 0 
7f820076a000-7f820092a000 r--s 039fb000 09:03 42351026                   /usr/lib/jvm/java-7-oracle/jre/lib/rt.jar
7f820092a000-7f8200a23000 rw-p 00000000 00:00 0 
7f8200a23000-7f8200a24000 ---p 00000000 00:00 0 
7f8200a24000-7f82023c2000 rw-p 00000000 00:00 0 
7f82023c2000-7f82023d9000 rw-p 00000000 00:00 0 
7f82023d9000-7f820257a000 rw-p 00000000 00:00 0 
7f820257a000-7f82027cf000 rw-p 00000000 00:00 0 
7f82027cf000-7f8202970000 rw-p 00000000 00:00 0 
7f8202970000-7f8202983000 rw-p 00000000 00:00 0 
7f8202983000-7f8202999000 rw-p 00000000 00:00 0 
7f8202999000-7f820299a000 rw-p 00000000 00:00 0 
7f820299a000-7f820299b000 ---p 00000000 00:00 0 
7f820299b000-7f8202a9b000 rw-p 00000000 00:00 0 
7f8202a9b000-7f8202a9c000 ---p 00000000 00:00 0 
7f8202a9c000-7f8202b9c000 rw-p 00000000 00:00 0 
7f8202b9c000-7f8202bb3000 r-xp 00000000 09:03 42351738                   /usr/lib/jvm/java-7-oracle/jre/lib/amd64/libzip.so
7f8202bb3000-7f8202db3000 ---p 00017000 09:03 42351738                   /usr/lib/jvm/java-7-oracle/jre/lib/amd64/libzip.so
7f8202db3000-7f8202db4000 rw-p 00017000 09:03 42351738                   /usr/lib/jvm/java-7-oracle/jre/lib/amd64/libzip.so
7f8202db4000-7f8202dbe000 r-xp 00000000 09:03 12471016                   /lib/x86_64-linux-gnu/libnss_files-2.19.so
7f8202dbe000-7f8202fbd000 ---p 0000a000 09:03 12471016                   /lib/x86_64-linux-gnu/libnss_files-2.19.so
7f8202fbd000-7f8202fbe000 r--p 00009000 09:03 12471016                   /lib/x86_64-linux-gnu/libnss_files-2.19.so
7f8202fbe000-7f8202fbf000 rw-p 0000a000 09:03 12471016                   /lib/x86_64-linux-gnu/libnss_files-2.19.so
7f8202fbf000-7f8202fca000 r-xp 00000000 09:03 12471008                   /lib/x86_64-linux-gnu/libnss_nis-2.19.so
7f8202fca000-7f82031c9000 ---p 0000b000 09:03 12471008                   /lib/x86_64-linux-gnu/libnss_nis-2.19.so
7f82031c9000-7f82031ca000 r--p 0000a000 09:03 12471008                   /lib/x86_64-linux-gnu/libnss_nis-2.19.so
7f82031ca000-7f82031cb000 rw-p 0000b000 09:03 12471008                   /lib/x86_64-linux-gnu/libnss_nis-2.19.so
7f82031cb000-7f82031e2000 r-xp 00000000 09:03 12471004                   /lib/x86_64-linux-gnu/libnsl-2.19.so
7f82031e2000-7f82033e1000 ---p 00017000 09:03 12471004                   /lib/x86_64-linux-gnu/libnsl-2.19.so
7f82033e1000-7f82033e2000 r--p 00016000 09:03 12471004                   /lib/x86_64-linux-gnu/libnsl-2.19.so
7f82033e2000-7f82033e3000 rw-p 00017000 09:03 12471004                   /lib/x86_64-linux-gnu/libnsl-2.19.so
7f82033e3000-7f82033e5000 rw-p 00000000 00:00 0 
7f82033e5000-7f82033ee000 r-xp 00000000 09:03 12471003                   /lib/x86_64-linux-gnu/libnss_compat-2.19.so
7f82033ee000-7f82035ed000 ---p 00009000 09:03 12471003                   /lib/x86_64-linux-gnu/libnss_compat-2.19.so
7f82035ed000-7f82035ee000 r--p 00008000 09:03 12471003                   /lib/x86_64-linux-gnu/libnss_compat-2.19.so
7f82035ee000-7f82035ef000 rw-p 00009000 09:03 12471003                   /lib/x86_64-linux-gnu/libnss_compat-2.19.so
7f82035ef000-7f8203618000 r-xp 00000000 09:03 42351779                   /usr/lib/jvm/java-7-oracle/jre/lib/amd64/libjava.so
7f8203618000-7f8203818000 ---p 00029000 09:03 42351779                   /usr/lib/jvm/java-7-oracle/jre/lib/amd64/libjava.so
7f8203818000-7f820381a000 rw-p 00029000 09:03 42351779                   /usr/lib/jvm/java-7-oracle/jre/lib/amd64/libjava.so
7f820381a000-7f8203827000 r-xp 00000000 09:03 42351789                   /usr/lib/jvm/java-7-oracle/jre/lib/amd64/libverify.so
7f8203827000-7f8203a26000 ---p 0000d000 09:03 42351789                   /usr/lib/jvm/java-7-oracle/jre/lib/amd64/libverify.so
7f8203a26000-7f8203a28000 rw-p 0000c000 09:03 42351789                   /usr/lib/jvm/java-7-oracle/jre/lib/amd64/libverify.so
7f8203a28000-7f8203a2f000 r-xp 00000000 09:03 12471012                   /lib/x86_64-linux-gnu/librt-2.19.so
7f8203a2f000-7f8203c2e000 ---p 00007000 09:03 12471012                   /lib/x86_64-linux-gnu/librt-2.19.so
7f8203c2e000-7f8203c2f000 r--p 00006000 09:03 12471012                   /lib/x86_64-linux-gnu/librt-2.19.so
7f8203c2f000-7f8203c30000 rw-p 00007000 09:03 12471012                   /lib/x86_64-linux-gnu/librt-2.19.so
7f8203c30000-7f8203d35000 r-xp 00000000 09:03 12470998                   /lib/x86_64-linux-gnu/libm-2.19.so
7f8203d35000-7f8203f34000 ---p 00105000 09:03 12470998                   /lib/x86_64-linux-gnu/libm-2.19.so
7f8203f34000-7f8203f35000 r--p 00104000 09:03 12470998                   /lib/x86_64-linux-gnu/libm-2.19.so
7f8203f35000-7f8203f36000 rw-p 00105000 09:03 12470998                   /lib/x86_64-linux-gnu/libm-2.19.so
7f8203f36000-7f8204aac000 r-xp 00000000 09:03 42351785                   /usr/lib/jvm/java-7-oracle/jre/lib/amd64/server/libjvm.so
7f8204aac000-7f8204cab000 ---p 00b76000 09:03 42351785                   /usr/lib/jvm/java-7-oracle/jre/lib/amd64/server/libjvm.so
7f8204cab000-7f8204d6f000 rw-p 00b75000 09:03 42351785                   /usr/lib/jvm/java-7-oracle/jre/lib/amd64/server/libjvm.so
7f8204d6f000-7f8204db0000 rw-p 00000000 00:00 0 
7f8204db0000-7f8204f6a000 r-xp 00000000 09:03 12471013                   /lib/x86_64-linux-gnu/libc-2.19.so
7f8204f6a000-7f820516a000 ---p 001ba000 09:03 12471013                   /lib/x86_64-linux-gnu/libc-2.19.so
7f820516a000-7f820516e000 r--p 001ba000 09:03 12471013                   /lib/x86_64-linux-gnu/libc-2.19.so
7f820516e000-7f8205170000 rw-p 001be000 09:03 12471013                   /lib/x86_64-linux-gnu/libc-2.19.so
7f8205170000-7f8205175000 rw-p 00000000 00:00 0 
7f8205175000-7f8205178000 r-xp 00000000 09:03 12471000                   /lib/x86_64-linux-gnu/libdl-2.19.so
7f8205178000-7f8205377000 ---p 00003000 09:03 12471000                   /lib/x86_64-linux-gnu/libdl-2.19.so
7f8205377000-7f8205378000 r--p 00002000 09:03 12471000                   /lib/x86_64-linux-gnu/libdl-2.19.so
7f8205378000-7f8205379000 rw-p 00003000 09:03 12471000                   /lib/x86_64-linux-gnu/libdl-2.19.so
7f8205379000-7f820538e000 r-xp 00000000 09:03 42350981                   /usr/lib/jvm/java-7-oracle/lib/amd64/jli/libjli.so
7f820538e000-7f820558d000 ---p 00015000 09:03 42350981                   /usr/lib/jvm/java-7-oracle/lib/amd64/jli/libjli.so
7f820558d000-7f820558e000 rw-p 00014000 09:03 42350981                   /usr/lib/jvm/java-7-oracle/lib/amd64/jli/libjli.so
7f820558e000-7f82055a7000 r-xp 00000000 09:03 12471005                   /lib/x86_64-linux-gnu/libpthread-2.19.so
7f82055a7000-7f82057a6000 ---p 00019000 09:03 12471005                   /lib/x86_64-linux-gnu/libpthread-2.19.so
7f82057a6000-7f82057a7000 r--p 00018000 09:03 12471005                   /lib/x86_64-linux-gnu/libpthread-2.19.so
7f82057a7000-7f82057a8000 rw-p 00019000 09:03 12471005                   /lib/x86_64-linux-gnu/libpthread-2.19.so
7f82057a8000-7f82057ac000 rw-p 00000000 00:00 0 
7f82057ac000-7f82057cf000 r-xp 00000000 09:03 12471006                   /lib/x86_64-linux-gnu/ld-2.19.so
7f82057cf000-7f8205807000 rw-p 00000000 00:00 0 
7f8205807000-7f82058b0000 rw-p 00000000 00:00 0 
7f82058b0000-7f82058b3000 ---p 00000000 00:00 0 
7f82058b3000-7f82059b5000 rw-p 00000000 00:00 0 
7f82059b5000-7f82059b8000 r--s 00019000 09:03 42351118                   /usr/lib/jvm/java-7-oracle/jre/lib/jce.jar
7f82059b8000-7f82059c2000 r--s 00253000 09:03 42351022                   /usr/lib/jvm/java-7-oracle/jre/lib/resources.jar
7f82059c2000-7f82059ca000 rw-s 00000000 09:03 27410039                   /tmp/hsperfdata_root/24393
7f82059ca000-7f82059cb000 rw-p 00000000 00:00 0 
7f82059cb000-7f82059cc000 r--p 00000000 00:00 0 
7f82059cc000-7f82059ce000 rw-p 00000000 00:00 0 
7f82059ce000-7f82059cf000 r--p 00022000 09:03 12471006                   /lib/x86_64-linux-gnu/ld-2.19.so
7f82059cf000-7f82059d0000 rw-p 00023000 09:03 12471006                   /lib/x86_64-linux-gnu/ld-2.19.so
7f82059d0000-7f82059d1000 rw-p 00000000 00:00 0 
7fffb4ce6000-7fffb4cfd000 rw-p 00000000 00:00 0                          [stack]
7fffb4dfe000-7fffb4e00000 r-xp 00000000 00:00 0                          [vdso]
ffffffffff600000-ffffffffff601000 r-xp 00000000 00:00 0                  [vsyscall]

VM Arguments:
jvm_args: -XX:OnOutOfMemoryError=kill -9 %p -Xmx1000m -XX:+UseConcMarkSweepGC -Dhbase.log.dir=/NutchCrawl/HBase/bin/../logs -Dhbase.log.file=hbase-root-master-nutch.log -Dhbase.home.dir=/NutchCrawl/HBase/bin/.. -Dhbase.id.str=root -Dhbase.root.logger=INFO,DRFA -Djava.library.path=/NutchCrawl/HBase/bin/../lib/native/Linux-amd64-64 -Dhbase.security.logger=INFO,DRFAS 
java_command: org.apache.hadoop.hbase.master.HMaster start
Launcher Type: SUN_STANDARD

Environment Variables:
JAVA_HOME=/usr/lib/jvm/java-7-oracle/
PATH=/usr/lib/jvm/java-8-oracle/bin:/usr/bin/ant:/NutchCrawl/Solr/bin:/NutchCrawl/HBase/bin:/NutchCrawl/Nutch/runtime/local/bin:/usr/local/sbin:/usr/local/bin:/usr/sbin:/usr/bin:/sbin:/bin:/usr/games:/usr/local/games:/usr/lib/jvm/java-8-oracle/bin:/usr/lib/jvm/java-8-oracle/db/bin:/usr/lib/jvm/java-8-oracle/jre/bin
LD_LIBRARY_PATH=:/NutchCrawl/HBase/bin/../lib/native/Linux-amd64-64
SHELL=/bin/bash

Signal Handlers:
SIGSEGV: [libjvm.so+0x9a3b20], sa_mask[0]=0x7ffbfeff, sa_flags=0x10000004
SIGBUS: [libjvm.so+0x9a3b20], sa_mask[0]=0x7ffbfeff, sa_flags=0x10000004
SIGFPE: [libjvm.so+0x81e740], sa_mask[0]=0x7ffbfeff, sa_flags=0x10000004
SIGPIPE: [libjvm.so+0x81e740], sa_mask[0]=0x7ffbfeff, sa_flags=0x10000004
SIGXFSZ: [libjvm.so+0x81e740], sa_mask[0]=0x7ffbfeff, sa_flags=0x10000004
SIGILL: [libjvm.so+0x81e740], sa_mask[0]=0x7ffbfeff, sa_flags=0x10000004
SIGUSR1: SIG_DFL, sa_mask[0]=0x00000000, sa_flags=0x00000000
SIGUSR2: [libjvm.so+0x81ffb0], sa_mask[0]=0x00000000, sa_flags=0x10000004
SIGHUP: SIG_IGN, sa_mask[0]=0x00000000, sa_flags=0x00000000
SIGINT: SIG_IGN, sa_mask[0]=0x00000000, sa_flags=0x00000000
SIGTERM: [libjvm.so+0x8210d0], sa_mask[0]=0x7ffbfeff, sa_flags=0x10000004
SIGQUIT: [libjvm.so+0x8210d0], sa_mask[0]=0x7ffbfeff, sa_flags=0x10000004


---------------  S Y S T E M  ---------------

OS:jessie/sid

uname:Linux 2.6.32-042stab076.8 #1 SMP Tue May 14 20:38:14 MSK 2013 x86_64
libc:glibc 2.19 NPTL 2.19 
rlimit: STACK 10240k, CORE 0k, NPROC 255490, NOFILE 4096, AS infinity
load average:3.46 3.19 3.28

/proc/meminfo:
MemTotal:        6291456 kB
MemFree:         1960168 kB
Cached:          1475840 kB
Active:          3314904 kB
Inactive:         788872 kB
Active(anon):    2059580 kB
Inactive(anon):   568356 kB
Active(file):    1255324 kB
Inactive(file):   220516 kB
Unevictable:           0 kB
Mlocked:               0 kB
SwapTotal:       6291456 kB
SwapFree:        5831836 kB
Dirty:              1292 kB
Writeback:             0 kB
AnonPages:       2627936 kB
Shmem:           1468456 kB
Slab:             227424 kB
SReclaimable:      58544 kB
SUnreclaim:       168880 kB


CPU:total 8 (4 cores per cpu, 2 threads per core) family 6 model 42 stepping 7, cmov, cx8, fxsr, mmx, sse, sse2, sse3, ssse3, sse4.1, sse4.2, popcnt, avx, aes, ht, tsc, tscinvbit

/proc/cpuinfo:
processor	: 0
vendor_id	: GenuineIntel
cpu family	: 6
model		: 42
model name	: Intel(R) Core(TM) i7-2600 CPU @ 3.40GHz
stepping	: 7
cpu MHz		: 3401.000
cache size	: 8192 KB
physical id	: 0
siblings	: 8
core id		: 0
cpu cores	: 4
apicid		: 0
initial apicid	: 0
fpu		: yes
fpu_exception	: yes
cpuid level	: 13
wp		: yes
flags		: fpu vme de pse tsc msr pae mce cx8 apic sep mtrr pge mca cmov pat pse36 clflush dts acpi mmx fxsr sse sse2 ss ht tm pbe syscall nx rdtscp lm constant_tsc arch_perfmon pebs bts rep_good xtopology nonstop_tsc aperfmperf pni pclmulqdq dtes64 monitor ds_cpl vmx smx est tm2 ssse3 cx16 xtpr pdcm sse4_1 sse4_2 x2apic popcnt aes xsave avx lahf_lm ida arat epb xsaveopt pln pts dts tpr_shadow vnmi flexpriority ept vpid
bogomips	: 6823.50
clflush size	: 64
cache_alignment	: 64
address sizes	: 36 bits physical, 48 bits virtual
power management:

processor	: 1
vendor_id	: GenuineIntel
cpu family	: 6
model		: 42
model name	: Intel(R) Core(TM) i7-2600 CPU @ 3.40GHz
stepping	: 7
cpu MHz		: 3401.000
cache size	: 8192 KB
physical id	: 0
siblings	: 8
core id		: 1
cpu cores	: 4
apicid		: 2
initial apicid	: 2
fpu		: yes
fpu_exception	: yes
cpuid level	: 13
wp		: yes
flags		: fpu vme de pse tsc msr pae mce cx8 apic sep mtrr pge mca cmov pat pse36 clflush dts acpi mmx fxsr sse sse2 ss ht tm pbe syscall nx rdtscp lm constant_tsc arch_perfmon pebs bts rep_good xtopology nonstop_tsc aperfmperf pni pclmulqdq dtes64 monitor ds_cpl vmx smx est tm2 ssse3 cx16 xtpr pdcm sse4_1 sse4_2 x2apic popcnt aes xsave avx lahf_lm ida arat epb xsaveopt pln pts dts tpr_shadow vnmi flexpriority ept vpid
bogomips	: 6823.50
clflush size	: 64
cache_alignment	: 64
address sizes	: 36 bits physical, 48 bits virtual
power management:



Memory: 4k page, physical 6291456k(1960172k free), swap 6291456k(5831836k free)

vm_info: Java HotSpot(TM) 64-Bit Server VM (24.80-b11) for linux-amd64 JRE (1.7.0_80-b15), built on Apr 10 2015 19:53:14 by "java_re" with gcc 4.3.0 20080428 (Red Hat 4.3.0-8)

time: Fri Mar 24 09:39:00 2017
elapsed time: 11028 seconds

